{
    "/home/vincent/Uni/4.Semester/SWP/Check24/smart/web/src/lib/Api.ts": {
        "path": "/home/vincent/Uni/4.Semester/SWP/Check24/smart/web/src/lib/Api.ts",
        "all": false,
        "statementMap": {
            "0": {
                "start": { "line": 1, "column": 0 },
                "end": { "line": 1, "column": 26 }
            },
            "2": {
                "start": { "line": 3, "column": 0 },
                "end": { "line": 3, "column": 26 }
            },
            "9": {
                "start": { "line": 10, "column": 0 },
                "end": { "line": 10, "column": 68 }
            },
            "10": {
                "start": { "line": 11, "column": 0 },
                "end": { "line": 11, "column": 34 }
            },
            "11": {
                "start": { "line": 12, "column": 0 },
                "end": { "line": 12, "column": 23 }
            },
            "12": {
                "start": { "line": 13, "column": 0 },
                "end": { "line": 13, "column": 17 }
            },
            "13": {
                "start": { "line": 14, "column": 0 },
                "end": { "line": 14, "column": 25 }
            },
            "14": {
                "start": { "line": 15, "column": 0 },
                "end": { "line": 15, "column": 21 }
            },
            "15": {
                "start": { "line": 16, "column": 0 },
                "end": { "line": 16, "column": 7 }
            },
            "16": {
                "start": { "line": 17, "column": 0 },
                "end": { "line": 17, "column": 20 }
            },
            "17": {
                "start": { "line": 18, "column": 0 },
                "end": { "line": 18, "column": 1 }
            },
            "24": {
                "start": { "line": 25, "column": 0 },
                "end": { "line": 25, "column": 64 }
            },
            "25": {
                "start": { "line": 26, "column": 0 },
                "end": { "line": 26, "column": 34 }
            },
            "26": {
                "start": { "line": 27, "column": 0 },
                "end": { "line": 27, "column": 23 }
            },
            "27": {
                "start": { "line": 28, "column": 0 },
                "end": { "line": 28, "column": 17 }
            },
            "28": {
                "start": { "line": 29, "column": 0 },
                "end": { "line": 29, "column": 25 }
            },
            "29": {
                "start": { "line": 30, "column": 0 },
                "end": { "line": 30, "column": 21 }
            },
            "30": {
                "start": { "line": 31, "column": 0 },
                "end": { "line": 31, "column": 7 }
            },
            "31": {
                "start": { "line": 32, "column": 0 },
                "end": { "line": 32, "column": 20 }
            },
            "32": {
                "start": { "line": 33, "column": 0 },
                "end": { "line": 33, "column": 1 }
            }
        },
        "s": {
            "0": 1,
            "2": 1,
            "9": 3,
            "10": 3,
            "11": 3,
            "12": 3,
            "13": 3,
            "14": 3,
            "15": 3,
            "16": 2,
            "17": 2,
            "24": 2,
            "25": 2,
            "26": 2,
            "27": 2,
            "28": 2,
            "29": 2,
            "30": 2,
            "31": 1,
            "32": 1
        },
        "branchMap": {
            "0": {
                "type": "branch",
                "line": 10,
                "loc": {
                    "start": { "line": 10, "column": 0 },
                    "end": { "line": 18, "column": 1 }
                },
                "locations": [
                    {
                        "start": { "line": 10, "column": 0 },
                        "end": { "line": 18, "column": 1 }
                    }
                ]
            },
            "1": {
                "type": "branch",
                "line": 16,
                "loc": {
                    "start": { "line": 16, "column": 5 },
                    "end": { "line": 18, "column": 1 }
                },
                "locations": [
                    {
                        "start": { "line": 16, "column": 5 },
                        "end": { "line": 18, "column": 1 }
                    }
                ]
            },
            "2": {
                "type": "branch",
                "line": 25,
                "loc": {
                    "start": { "line": 25, "column": 0 },
                    "end": { "line": 33, "column": 1 }
                },
                "locations": [
                    {
                        "start": { "line": 25, "column": 0 },
                        "end": { "line": 33, "column": 1 }
                    }
                ]
            },
            "3": {
                "type": "branch",
                "line": 31,
                "loc": {
                    "start": { "line": 31, "column": 5 },
                    "end": { "line": 33, "column": 1 }
                },
                "locations": [
                    {
                        "start": { "line": 31, "column": 5 },
                        "end": { "line": 33, "column": 1 }
                    }
                ]
            }
        },
        "b": { "0": [3], "1": [2], "2": [2], "3": [1] },
        "fnMap": {
            "0": {
                "name": "getChatResponse",
                "decl": {
                    "start": { "line": 10, "column": 0 },
                    "end": { "line": 18, "column": 1 }
                },
                "loc": {
                    "start": { "line": 10, "column": 0 },
                    "end": { "line": 18, "column": 1 }
                },
                "line": 10
            },
            "1": {
                "name": "getUserInfo",
                "decl": {
                    "start": { "line": 25, "column": 0 },
                    "end": { "line": 33, "column": 1 }
                },
                "loc": {
                    "start": { "line": 25, "column": 0 },
                    "end": { "line": 33, "column": 1 }
                },
                "line": 25
            }
        },
        "f": { "0": 3, "1": 2 }
    },
    "/home/vincent/Uni/4.Semester/SWP/Check24/smart/web/src/lib/Box.svelte": {
        "path": "/home/vincent/Uni/4.Semester/SWP/Check24/smart/web/src/lib/Box.svelte",
        "all": false,
        "statementMap": {
            "2": {
                "start": { "line": 3, "column": 0 },
                "end": { "line": 3, "column": 32 }
            },
            "3": {
                "start": { "line": 4, "column": 0 },
                "end": { "line": 4, "column": 28 }
            },
            "4": {
                "start": { "line": 5, "column": 0 },
                "end": { "line": 5, "column": 31 }
            },
            "6": {
                "start": { "line": 7, "column": 0 },
                "end": { "line": 7, "column": 25 }
            },
            "7": {
                "start": { "line": 8, "column": 0 },
                "end": { "line": 8, "column": 32 }
            },
            "8": {
                "start": { "line": 9, "column": 0 },
                "end": { "line": 9, "column": 30 }
            },
            "9": {
                "start": { "line": 10, "column": 0 },
                "end": { "line": 10, "column": 34 }
            },
            "10": {
                "start": { "line": 11, "column": 0 },
                "end": { "line": 11, "column": 32 }
            },
            "11": {
                "start": { "line": 12, "column": 0 },
                "end": { "line": 12, "column": 34 }
            },
            "12": {
                "start": { "line": 13, "column": 0 },
                "end": { "line": 13, "column": 31 }
            },
            "13": {
                "start": { "line": 14, "column": 0 },
                "end": { "line": 14, "column": 36 }
            },
            "14": {
                "start": { "line": 15, "column": 0 },
                "end": { "line": 15, "column": 5 }
            },
            "17": {
                "start": { "line": 18, "column": 0 },
                "end": { "line": 18, "column": 34 }
            },
            "19": {
                "start": { "line": 20, "column": 0 },
                "end": { "line": 20, "column": 105 }
            },
            "21": {
                "start": { "line": 22, "column": 0 },
                "end": { "line": 22, "column": 75 }
            },
            "24": {
                "start": { "line": 25, "column": 0 },
                "end": { "line": 25, "column": 71 }
            }
        },
        "s": {
            "2": 1,
            "3": 1,
            "4": 1,
            "6": 1,
            "7": 1,
            "8": 1,
            "9": 1,
            "10": 1,
            "11": 1,
            "12": 1,
            "13": 1,
            "14": 1,
            "17": 1,
            "19": 1,
            "21": 1,
            "24": 1
        },
        "branchMap": {
            "0": {
                "type": "branch",
                "line": 7,
                "loc": {
                    "start": { "line": 7, "column": 24 },
                    "end": { "line": 11, "column": 5 }
                },
                "locations": [
                    {
                        "start": { "line": 7, "column": 24 },
                        "end": { "line": 11, "column": 5 }
                    }
                ]
            },
            "1": {
                "type": "branch",
                "line": 11,
                "loc": {
                    "start": { "line": 11, "column": 5 },
                    "end": { "line": 15, "column": 5 }
                },
                "locations": [
                    {
                        "start": { "line": 11, "column": 5 },
                        "end": { "line": 15, "column": 5 }
                    }
                ]
            },
            "2": {
                "type": "branch",
                "line": 11,
                "loc": {
                    "start": { "line": 11, "column": 31 },
                    "end": { "line": 15, "column": 5 }
                },
                "locations": [
                    {
                        "start": { "line": 11, "column": 31 },
                        "end": { "line": 15, "column": 5 }
                    }
                ]
            },
            "3": {
                "type": "branch",
                "line": 18,
                "loc": {
                    "start": { "line": 18, "column": 27 },
                    "end": { "line": 18, "column": 34 }
                },
                "locations": [
                    {
                        "start": { "line": 18, "column": 27 },
                        "end": { "line": 18, "column": 34 }
                    }
                ]
            },
            "4": {
                "type": "branch",
                "line": 20,
                "loc": {
                    "start": { "line": 20, "column": 33 },
                    "end": { "line": 20, "column": 42 }
                },
                "locations": [
                    {
                        "start": { "line": 20, "column": 33 },
                        "end": { "line": 20, "column": 42 }
                    }
                ]
            },
            "5": {
                "type": "branch",
                "line": 20,
                "loc": {
                    "start": { "line": 20, "column": 51 },
                    "end": { "line": 20, "column": 105 }
                },
                "locations": [
                    {
                        "start": { "line": 20, "column": 51 },
                        "end": { "line": 20, "column": 105 }
                    }
                ]
            },
            "6": {
                "type": "branch",
                "line": 22,
                "loc": {
                    "start": { "line": 22, "column": 30 },
                    "end": { "line": 22, "column": 75 }
                },
                "locations": [
                    {
                        "start": { "line": 22, "column": 30 },
                        "end": { "line": 22, "column": 75 }
                    }
                ]
            },
            "7": {
                "type": "branch",
                "line": 25,
                "loc": {
                    "start": { "line": 25, "column": 29 },
                    "end": { "line": 25, "column": 71 }
                },
                "locations": [
                    {
                        "start": { "line": 25, "column": 29 },
                        "end": { "line": 25, "column": 71 }
                    }
                ]
            }
        },
        "b": {
            "0": [1],
            "1": [2],
            "2": [1],
            "3": [0],
            "4": [0],
            "5": [0],
            "6": [0],
            "7": [0]
        },
        "fnMap": {},
        "f": {}
    },
    "/home/vincent/Uni/4.Semester/SWP/Check24/smart/web/src/lib/Prompt.svelte": {
        "path": "/home/vincent/Uni/4.Semester/SWP/Check24/smart/web/src/lib/Prompt.svelte",
        "all": false,
        "statementMap": {
            "2": {
                "start": { "line": 3, "column": 0 },
                "end": { "line": 3, "column": 54 }
            },
            "4": {
                "start": { "line": 5, "column": 0 },
                "end": { "line": 5, "column": 47 }
            },
            "5": {
                "start": { "line": 6, "column": 0 },
                "end": { "line": 6, "column": 63 }
            },
            "7": {
                "start": { "line": 8, "column": 0 },
                "end": { "line": 8, "column": 23 }
            },
            "8": {
                "start": { "line": 9, "column": 0 },
                "end": { "line": 9, "column": 31 }
            },
            "9": {
                "start": { "line": 10, "column": 0 },
                "end": { "line": 10, "column": 9 }
            },
            "10": {
                "start": { "line": 11, "column": 0 },
                "end": { "line": 11, "column": 5 }
            },
            "15": {
                "start": { "line": 16, "column": 0 },
                "end": { "line": 16, "column": 31 }
            },
            "18": {
                "start": { "line": 19, "column": 0 },
                "end": { "line": 19, "column": 26 }
            },
            "22": {
                "start": { "line": 23, "column": 0 },
                "end": { "line": 23, "column": 16 }
            },
            "24": {
                "start": { "line": 25, "column": 0 },
                "end": { "line": 25, "column": 82 }
            }
        },
        "s": {
            "2": 1,
            "4": 1,
            "5": 5,
            "7": 1,
            "8": 1,
            "9": 1,
            "10": 5,
            "15": 1,
            "18": 1,
            "22": 1,
            "24": 1
        },
        "branchMap": {
            "0": {
                "type": "branch",
                "line": 5,
                "loc": {
                    "start": { "line": 5, "column": 13 },
                    "end": { "line": 11, "column": 5 }
                },
                "locations": [
                    {
                        "start": { "line": 5, "column": 13 },
                        "end": { "line": 11, "column": 5 }
                    }
                ]
            },
            "1": {
                "type": "branch",
                "line": 6,
                "loc": {
                    "start": { "line": 6, "column": 29 },
                    "end": { "line": 6, "column": 50 }
                },
                "locations": [
                    {
                        "start": { "line": 6, "column": 29 },
                        "end": { "line": 6, "column": 50 }
                    }
                ]
            },
            "2": {
                "type": "branch",
                "line": 6,
                "loc": {
                    "start": { "line": 6, "column": 43 },
                    "end": { "line": 6, "column": 60 }
                },
                "locations": [
                    {
                        "start": { "line": 6, "column": 43 },
                        "end": { "line": 6, "column": 60 }
                    }
                ]
            },
            "3": {
                "type": "branch",
                "line": 6,
                "loc": {
                    "start": { "line": 6, "column": 62 },
                    "end": { "line": 10, "column": 9 }
                },
                "locations": [
                    {
                        "start": { "line": 6, "column": 62 },
                        "end": { "line": 10, "column": 9 }
                    }
                ]
            },
            "4": {
                "type": "branch",
                "line": 25,
                "loc": {
                    "start": { "line": 25, "column": 69 },
                    "end": { "line": 25, "column": 82 }
                },
                "locations": [
                    {
                        "start": { "line": 25, "column": 69 },
                        "end": { "line": 25, "column": 82 }
                    }
                ]
            }
        },
        "b": { "0": [5], "1": [4], "2": [2], "3": [1], "4": [14] },
        "fnMap": {
            "0": {
                "name": "handleKeyPress",
                "decl": {
                    "start": { "line": 5, "column": 13 },
                    "end": { "line": 11, "column": 5 }
                },
                "loc": {
                    "start": { "line": 5, "column": 13 },
                    "end": { "line": 11, "column": 5 }
                },
                "line": 5
            }
        },
        "f": { "0": 5 }
    }
}
